<?xml version="1.0" encoding="UTF-8"?>
<!-- Generated by org.testng.reporters.JUnitReportReporter -->
<testsuite hostname="DESKTOP-L268OE3" failures="0" tests="15" name="com.controller.ScriptExecution" time="328.942" errors="0" timestamp="27 Aug 2018 06:13:18 GMT" skipped="0">
  <testcase classname="com.controller.ScriptExecution" name="Scenario_008" time="12.152"/>
  <testcase classname="com.controller.ScriptExecution" name="Scenario_080" time="21.819"/>
  <testcase classname="com.controller.ScriptExecution" name="Scenario_068" time="21.877"/>
  <testcase classname="com.controller.ScriptExecution" name="Scenario_032" time="23.441"/>
  <testcase classname="com.controller.ScriptExecution" name="Scenario_010" time="8.587"/>
  <testcase classname="com.controller.ScriptExecution" name="Scenario_006" time="9.815"/>
  <testcase classname="com.controller.ScriptExecution" name="Scenario_028" time="134.096"/>
  <testcase classname="com.controller.ScriptExecution" name="Scenario_011" time="8.956"/>
  <testcase classname="com.controller.ScriptExecution" name="Scenario_009" time="8.702"/>
  <testcase classname="com.controller.ScriptExecution" name="Scenario_023" time="16.585"/>
  <testcase classname="com.controller.ScriptExecution" name="Scenario_036" time="14.026"/>
  <testcase classname="com.controller.ScriptExecution" name="Scenarion_087" time="10.551"/>
  <testcase classname="com.controller.ScriptExecution" name="Scenario_005" time="10.860"/>
  <testcase classname="com.controller.ScriptExecution" name="Scenario_022" time="11.322"/>
  <testcase classname="com.controller.ScriptExecution" name="Scenario_101" time="16.153"/>
</testsuite> <!-- com.controller.ScriptExecution -->
