<?xml version="1.0" encoding="UTF-8"?>
<!-- Generated by org.testng.reporters.JUnitReportReporter -->
<testsuite hostname="DESKTOP-L268OE3" failures="0" tests="1" name="com.controller.ScriptExecution" time="22.930" errors="0" timestamp="06 Feb 2019 10:03:29 GMT" skipped="0">
  <testcase classname="com.controller.ScriptExecution" name="WSAdmin11" time="22.930"/>
</testsuite> <!-- com.controller.ScriptExecution -->
