<?xml version="1.0" encoding="UTF-8"?>
<!-- Generated by org.testng.reporters.JUnitReportReporter -->
<testsuite hostname="DESKTOP-L268OE3" failures="0" tests="4" name="com.controller.ScriptExecution" time="52.871" errors="0" timestamp="13 Dec 2018 10:05:22 GMT" skipped="0">
  <testcase classname="com.controller.ScriptExecution" name="WSAdmin02" time="12.395"/>
  <testcase classname="com.controller.ScriptExecution" name="WSAdmin03" time="12.452"/>
  <testcase classname="com.controller.ScriptExecution" name="WSAdmin04" time="13.815"/>
  <testcase classname="com.controller.ScriptExecution" name="WSAdmin01" time="14.209"/>
</testsuite> <!-- com.controller.ScriptExecution -->
