<?xml version="1.0" encoding="UTF-8"?>
<!-- Generated by org.testng.reporters.JUnitReportReporter -->
<testsuite skipped="0" hostname="DESKTOP-RC48C0S" name="com.controller.ScriptExecution" tests="8" failures="0" timestamp="03 Jul 2018 04:31:15 GMT" time="111.646" errors="0">
  <testcase name="Scenario_008" time="12.134" classname="com.controller.ScriptExecution"/>
  <testcase name="Scenario_005" time="14.588" classname="com.controller.ScriptExecution"/>
  <testcase name="Scenario_023" time="23.097" classname="com.controller.ScriptExecution"/>
  <testcase name="Scenario_010" time="14.064" classname="com.controller.ScriptExecution"/>
  <testcase name="Scenario_022" time="12.748" classname="com.controller.ScriptExecution"/>
  <testcase name="Scenario_011" time="12.695" classname="com.controller.ScriptExecution"/>
  <testcase name="Scenario_009" time="10.805" classname="com.controller.ScriptExecution"/>
  <testcase name="Scenario_006" time="11.515" classname="com.controller.ScriptExecution"/>
</testsuite> <!-- com.controller.ScriptExecution -->
