<?xml version="1.0" encoding="UTF-8"?>
<!-- Generated by org.testng.reporters.JUnitReportReporter -->
<testsuite hostname="DESKTOP-L268OE3" failures="0" tests="15" name="com.controller.ScriptExecution" time="328.794" errors="0" timestamp="24 Aug 2018 11:00:03 GMT" skipped="0">
  <testcase classname="com.controller.ScriptExecution" name="Scenario_022" time="12.194"/>
  <testcase classname="com.controller.ScriptExecution" name="Scenario_068" time="21.306"/>
  <testcase classname="com.controller.ScriptExecution" name="Scenario_006" time="9.672"/>
  <testcase classname="com.controller.ScriptExecution" name="Scenario_032" time="22.280"/>
  <testcase classname="com.controller.ScriptExecution" name="Scenario_009" time="8.834"/>
  <testcase classname="com.controller.ScriptExecution" name="Scenario_023" time="16.000"/>
  <testcase classname="com.controller.ScriptExecution" name="Scenario_010" time="8.515"/>
  <testcase classname="com.controller.ScriptExecution" name="Scenarion_087" time="9.958"/>
  <testcase classname="com.controller.ScriptExecution" name="Scenario_101" time="15.276"/>
  <testcase classname="com.controller.ScriptExecution" name="Scenario_008" time="10.383"/>
  <testcase classname="com.controller.ScriptExecution" name="Scenario_036" time="14.884"/>
  <testcase classname="com.controller.ScriptExecution" name="Scenario_005" time="9.531"/>
  <testcase classname="com.controller.ScriptExecution" name="Scenario_011" time="14.404"/>
  <testcase classname="com.controller.ScriptExecution" name="Scenario_028" time="134.916"/>
  <testcase classname="com.controller.ScriptExecution" name="Scenario_080" time="20.641"/>
</testsuite> <!-- com.controller.ScriptExecution -->
