<?xml version="1.0" encoding="UTF-8"?>
<!-- Generated by org.testng.reporters.JUnitReportReporter -->
<testsuite hostname="DESKTOP-L268OE3" failures="0" tests="15" name="com.controller.ScriptExecution" time="366.245" errors="0" timestamp="31 Aug 2018 06:28:27 GMT" skipped="0">
  <testcase classname="com.controller.ScriptExecution" name="Scenario_011" time="9.803"/>
  <testcase classname="com.controller.ScriptExecution" name="Scenario_068" time="28.630"/>
  <testcase classname="com.controller.ScriptExecution" name="Scenario_006" time="10.204"/>
  <testcase classname="com.controller.ScriptExecution" name="Scenario_009" time="10.094"/>
  <testcase classname="com.controller.ScriptExecution" name="Scenario_032" time="24.497"/>
  <testcase classname="com.controller.ScriptExecution" name="Scenario_008" time="12.195"/>
  <testcase classname="com.controller.ScriptExecution" name="Scenario_023" time="20.593"/>
  <testcase classname="com.controller.ScriptExecution" name="Scenarion_087" time="10.940"/>
  <testcase classname="com.controller.ScriptExecution" name="Scenario_010" time="12.014"/>
  <testcase classname="com.controller.ScriptExecution" name="Scenario_005" time="10.548"/>
  <testcase classname="com.controller.ScriptExecution" name="Scenario_101" time="17.414"/>
  <testcase classname="com.controller.ScriptExecution" name="Scenario_080" time="28.173"/>
  <testcase classname="com.controller.ScriptExecution" name="Scenario_036" time="15.874"/>
  <testcase classname="com.controller.ScriptExecution" name="Scenario_022" time="14.421"/>
  <testcase classname="com.controller.ScriptExecution" name="Scenario_028" time="140.845"/>
</testsuite> <!-- com.controller.ScriptExecution -->
